This is pdfTeX, Version 3.1415926-1.40.10 (MiKTeX 2.8) (preloaded format=pdflatex 2012.9.4)  8 JAN 2013 13:46
entering extended mode
**C:/Users/BenShih/BenFiles/website/SimpleExplanations/DynamicProgramming.tex
(C:/Users/BenShih/BenFiles/website/SimpleExplanations/DynamicProgramming.tex
LaTeX2e <2009/09/24>
Babel <v3.8l> and hyphenation patterns for english, dumylang, nohyphenation, ge
rman, ngerman, german-x-2009-06-19, ngerman-x-2009-06-19, french, loaded.
("C:\Program Files (x86)\MiKTeX 2.8\tex\latex\base\article.cls"
Document Class: article 2007/10/19 v1.4h Standard LaTeX document class
("C:\Program Files (x86)\MiKTeX 2.8\tex\latex\base\size12.clo"
File: size12.clo 2007/10/19 v1.4h Standard LaTeX file (size option)
)
\c@part=\count79
\c@section=\count80
\c@subsection=\count81
\c@subsubsection=\count82
\c@paragraph=\count83
\c@subparagraph=\count84
\c@figure=\count85
\c@table=\count86
\abovecaptionskip=\skip41
\belowcaptionskip=\skip42
\bibindent=\dimen102
)
("C:\Program Files (x86)\MiKTeX 2.8\tex\latex\graphics\graphicx.sty"
Package: graphicx 1999/02/16 v1.0f Enhanced LaTeX Graphics (DPC,SPQR)

("C:\Program Files (x86)\MiKTeX 2.8\tex\latex\graphics\keyval.sty"
Package: keyval 1999/03/16 v1.13 key=value parser (DPC)
\KV@toks@=\toks14
)
("C:\Program Files (x86)\MiKTeX 2.8\tex\latex\graphics\graphics.sty"
Package: graphics 2009/02/05 v1.0o Standard LaTeX Graphics (DPC,SPQR)

("C:\Program Files (x86)\MiKTeX 2.8\tex\latex\graphics\trig.sty"
Package: trig 1999/03/16 v1.09 sin cos tan (DPC)
)
("C:\Program Files (x86)\MiKTeX 2.8\tex\latex\00miktex\graphics.cfg"
File: graphics.cfg 2007/01/18 v1.5 graphics configuration of teTeX/TeXLive
)
Package graphics Info: Driver file: pdftex.def on input line 91.

("C:\Program Files (x86)\MiKTeX 2.8\tex\latex\pdftex-def\pdftex.def"
File: pdftex.def 2009/08/25 v0.04m Graphics/color for pdfTeX
\Gread@gobject=\count87
))
\Gin@req@height=\dimen103
\Gin@req@width=\dimen104
)
(C:\Users\BenShih\BenFiles\website\SimpleExplanations\DynamicProgramming.aux)
LaTeX Font Info:    Checking defaults for OML/cmm/m/it on input line 11.
LaTeX Font Info:    ... okay on input line 11.
LaTeX Font Info:    Checking defaults for T1/cmr/m/n on input line 11.
LaTeX Font Info:    ... okay on input line 11.
LaTeX Font Info:    Checking defaults for OT1/cmr/m/n on input line 11.
LaTeX Font Info:    ... okay on input line 11.
LaTeX Font Info:    Checking defaults for OMS/cmsy/m/n on input line 11.
LaTeX Font Info:    ... okay on input line 11.
LaTeX Font Info:    Checking defaults for OMX/cmex/m/n on input line 11.
LaTeX Font Info:    ... okay on input line 11.
LaTeX Font Info:    Checking defaults for U/cmr/m/n on input line 11.
LaTeX Font Info:    ... okay on input line 11.

("C:\Program Files (x86)\MiKTeX 2.8\tex\context\base\supp-pdf.tex"
[Loading MPS to PDF converter (version 2006.09.02).]
\scratchcounter=\count88
\scratchdimen=\dimen105
\scratchbox=\box26
\nofMPsegments=\count89
\nofMParguments=\count90
\everyMPshowfont=\toks15
\MPscratchCnt=\count91
\MPscratchDim=\dimen106
\MPnumerator=\count92
\everyMPtoPDFconversion=\toks16
)
LaTeX Font Info:    External font `cmex10' loaded for size
(Font)              <14.4> on input line 12.
LaTeX Font Info:    External font `cmex10' loaded for size
(Font)              <7> on input line 12.
 <cookie.jpg, id=1, 1203.49625pt x 1108.14pt>
File: cookie.jpg Graphic file (type jpg)
 <use cookie.jpg>
File: cookie.jpg Graphic file (type jpg)

<use cookie.jpg>
File: cookie.jpg Graphic file (type jpg)
 <use cookie.jpg>
File: cookie.jpg Graphic file (type jpg)
 <use cookie.jpg>
File: cookie.jpg Graphic file (type jpg)
 <use cookie.jpg>
File: cookie.jpg Graphic file (type jpg)

<use cookie.jpg>
File: cookie.jpg Graphic file (type jpg)
 <use cookie.jpg>
File: cookie.jpg Graphic file (type jpg)
 <use cookie.jpg>
File: cookie.jpg Graphic file (type jpg)
 <use cookie.jpg>
File: cookie.jpg Graphic file (type jpg)

<use cookie.jpg>
File: cookie.jpg Graphic file (type jpg)
 <use cookie.jpg>
File: cookie.jpg Graphic file (type jpg)
 <use cookie.jpg>
File: cookie.jpg Graphic file (type jpg)
 <use cookie.jpg>
File: cookie.jpg Graphic file (type jpg)

<use cookie.jpg>
File: cookie.jpg Graphic file (type jpg)
 <use cookie.jpg>
File: cookie.jpg Graphic file (type jpg)
 <use cookie.jpg>
File: cookie.jpg Graphic file (type jpg)
 <use cookie.jpg>
File: cookie.jpg Graphic file (type jpg)

<use cookie.jpg>
File: cookie.jpg Graphic file (type jpg)
 <use cookie.jpg>
File: cookie.jpg Graphic file (type jpg)
 <use cookie.jpg>
File: cookie.jpg Graphic file (type jpg)
 <use cookie.jpg>
Underfull \hbox (badness 10000) in paragraph at lines 15--48

 []


Underfull \hbox (badness 10000) in paragraph at lines 15--48

 []

[1

{C:/ProgramData/MiKTeX/2.8/pdftex/config/pdftex.map} <C:/Users/BenShih/BenFiles
/website/SimpleExplanations/cookie.jpg>]
Overfull \hbox (26.35957pt too wide) in paragraph at lines 50--52
\OT1/cmr/m/n/12 http://www.quora.com/Computer-Programming/How-should-I-explain-
dynamic-
 []

[2]
(C:\Users\BenShih\BenFiles\website\SimpleExplanations\DynamicProgramming.aux) )
 
Here is how much of TeX's memory you used:
 897 strings out of 495285
 11761 string characters out of 3179873
 61304 words of memory out of 3000000
 4151 multiletter control sequences out of 15000+200000
 5756 words of font info for 21 fonts, out of 3000000 for 9000
 14 hyphenation exceptions out of 8191
 25i,6n,19p,251b,199s stack positions out of 5000i,500n,10000p,200000b,50000s
<C:/Program Files (x86)/MiKTeX 2.8/fonts/type1/public/amsfonts/cm/cmbx12.pfb><C
:/Program Files (x86)/MiKTeX 2.8/fonts/type1/public/amsfonts/cm/cmr12.pfb><C:/P
rogram Files (x86)/MiKTeX 2.8/fonts/type1/public/amsfonts/cm/cmr17.pfb>
Output written on DynamicProgramming.pdf (2 pages, 333418 bytes).
PDF statistics:
 22 PDF objects out of 1000 (max. 8388607)
 0 named destinations out of 1000 (max. 500000)
 6 words of extra memory for PDF output out of 10000 (max. 10000000)

